<?xml version="1.0" encoding="UTF-8"?>
<testng-results ignored="0" total="3" passed="1" failed="2" skipped="0">
  <reporter-output>
  </reporter-output>
  <suite started-at="2024-12-01T19:09:04 GMT+06:00" name="CrossBrowserSuite" finished-at="2024-12-01T19:09:54 GMT+06:00" duration-ms="49392">
    <groups>
    </groups>
    <test started-at="2024-12-01T19:09:04 GMT+06:00" name="ChromeTest" finished-at="2024-12-01T19:09:10 GMT+06:00" duration-ms="6131">
      <class name="Testing.crossBrowserTest">
        <test-method is-config="true" signature="setUp(java.lang.String)[pri:0, instance:Testing.crossBrowserTest@1623b78d]" started-at="2024-12-01T19:09:04 GMT+06:00" name="setUp" finished-at="2024-12-01T19:09:04 GMT+06:00" duration-ms="7" status="PASS">
          <params>
            <param index="0">
              <value>
                <![CDATA[chrome]]>
              </value>
            </param>
          </params>
          <reporter-output>
          </reporter-output>
        </test-method> <!-- setUp -->
        <test-method signature="signup()[pri:0, instance:Testing.crossBrowserTest@1623b78d]" started-at="2024-12-01T19:09:04 GMT+06:00" name="signup" finished-at="2024-12-01T19:09:04 GMT+06:00" duration-ms="21" status="FAIL">
          <exception class="java.lang.NullPointerException">
            <message>
              <![CDATA[Cannot invoke "org.openqa.selenium.WebDriver.get(String)" because "this.driver" is null]]>
            </message>
            <full-stacktrace>
              <![CDATA[java.lang.NullPointerException: Cannot invoke "org.openqa.selenium.WebDriver.get(String)" because "this.driver" is null
at Testing.crossBrowserTest.signup(crossBrowserTest.java:68)
at java.base/jdk.internal.reflect.DirectMethodHandleAccessor.invoke(DirectMethodHandleAccessor.java:103)
at java.base/java.lang.reflect.Method.invoke(Method.java:580)
at org.testng.internal.MethodInvocationHelper.invokeMethod(MethodInvocationHelper.java:133)
at org.testng.internal.TestInvoker.invokeMethod(TestInvoker.java:598)
at org.testng.internal.TestInvoker.invokeTestMethod(TestInvoker.java:173)
at org.testng.internal.MethodRunner.runInSequence(MethodRunner.java:46)
at org.testng.internal.TestInvoker$MethodInvocationAgent.invoke(TestInvoker.java:824)
at org.testng.internal.TestInvoker.invokeTestMethods(TestInvoker.java:146)
at org.testng.internal.TestMethodWorker.invokeTestMethods(TestMethodWorker.java:146)
at org.testng.internal.TestMethodWorker.run(TestMethodWorker.java:128)
at java.base/java.util.ArrayList.forEach(ArrayList.java:1597)
at org.testng.TestRunner.privateRun(TestRunner.java:794)
at org.testng.TestRunner.run(TestRunner.java:596)
at org.testng.SuiteRunner.runTest(SuiteRunner.java:377)
at org.testng.SuiteRunner.runSequentially(SuiteRunner.java:371)
at org.testng.SuiteRunner.privateRun(SuiteRunner.java:332)
at org.testng.SuiteRunner.run(SuiteRunner.java:276)
at org.testng.SuiteRunnerWorker.runSuite(SuiteRunnerWorker.java:53)
at org.testng.SuiteRunnerWorker.run(SuiteRunnerWorker.java:96)
at org.testng.TestNG.runSuitesSequentially(TestNG.java:1212)
at org.testng.TestNG.runSuitesLocally(TestNG.java:1134)
at org.testng.TestNG.runSuites(TestNG.java:1063)
at org.testng.TestNG.run(TestNG.java:1031)
at org.testng.remote.AbstractRemoteTestNG.run(AbstractRemoteTestNG.java:115)
at org.testng.remote.RemoteTestNG.initAndRun(RemoteTestNG.java:293)
at org.testng.remote.RemoteTestNG.main(RemoteTestNG.java:91)
]]>
            </full-stacktrace>
          </exception> <!-- java.lang.NullPointerException -->
          <reporter-output>
          </reporter-output>
        </test-method> <!-- signup -->
        <test-method is-config="true" signature="tearDown()[pri:0, instance:Testing.crossBrowserTest@1623b78d]" started-at="2024-12-01T19:09:04 GMT+06:00" name="tearDown" finished-at="2024-12-01T19:09:07 GMT+06:00" duration-ms="3016" status="PASS">
          <reporter-output>
          </reporter-output>
        </test-method> <!-- tearDown -->
        <test-method is-config="true" signature="tearDown()[pri:0, instance:Testing.crossBrowserTest@1623b78d]" started-at="2024-12-01T19:09:07 GMT+06:00" name="tearDown" finished-at="2024-12-01T19:09:10 GMT+06:00" duration-ms="3013" status="PASS">
          <reporter-output>
          </reporter-output>
        </test-method> <!-- tearDown -->
      </class> <!-- Testing.crossBrowserTest -->
    </test> <!-- ChromeTest -->
    <test started-at="2024-12-01T19:09:10 GMT+06:00" name="EdgeTest" finished-at="2024-12-01T19:09:48 GMT+06:00" duration-ms="37060">
      <class name="Testing.crossBrowserTest">
        <test-method is-config="true" signature="setUp(java.lang.String)[pri:0, instance:Testing.crossBrowserTest@175c2241]" started-at="2024-12-01T19:09:10 GMT+06:00" name="setUp" finished-at="2024-12-01T19:09:13 GMT+06:00" duration-ms="2444" status="PASS">
          <params>
            <param index="0">
              <value>
                <![CDATA[edge]]>
              </value>
            </param>
          </params>
          <reporter-output>
          </reporter-output>
        </test-method> <!-- setUp -->
        <test-method signature="signup()[pri:0, instance:Testing.crossBrowserTest@175c2241]" started-at="2024-12-01T19:09:13 GMT+06:00" name="signup" finished-at="2024-12-01T19:09:40 GMT+06:00" duration-ms="26739" status="PASS">
          <reporter-output>
          </reporter-output>
        </test-method> <!-- signup -->
        <test-method is-config="true" signature="tearDown()[pri:0, instance:Testing.crossBrowserTest@175c2241]" started-at="2024-12-01T19:09:40 GMT+06:00" name="tearDown" finished-at="2024-12-01T19:09:45 GMT+06:00" duration-ms="4846" status="PASS">
          <reporter-output>
          </reporter-output>
        </test-method> <!-- tearDown -->
        <test-method is-config="true" signature="tearDown()[pri:0, instance:Testing.crossBrowserTest@175c2241]" started-at="2024-12-01T19:09:45 GMT+06:00" name="tearDown" finished-at="2024-12-01T19:09:48 GMT+06:00" duration-ms="3007" status="PASS">
          <reporter-output>
          </reporter-output>
        </test-method> <!-- tearDown -->
      </class> <!-- Testing.crossBrowserTest -->
    </test> <!-- EdgeTest -->
    <test started-at="2024-12-01T19:09:48 GMT+06:00" name="firefox" finished-at="2024-12-01T19:09:54 GMT+06:00" duration-ms="6040">
      <class name="Testing.crossBrowserTest">
        <test-method signature="signup()[pri:0, instance:Testing.crossBrowserTest@7c7a06ec]" started-at="2024-12-01T19:09:48 GMT+06:00" name="signup" finished-at="2024-12-01T19:09:48 GMT+06:00" duration-ms="0" status="FAIL">
          <exception class="java.lang.NullPointerException">
            <message>
              <![CDATA[Cannot invoke "org.openqa.selenium.WebDriver.get(String)" because "this.driver" is null]]>
            </message>
            <full-stacktrace>
              <![CDATA[java.lang.NullPointerException: Cannot invoke "org.openqa.selenium.WebDriver.get(String)" because "this.driver" is null
at Testing.crossBrowserTest.signup(crossBrowserTest.java:68)
at java.base/jdk.internal.reflect.DirectMethodHandleAccessor.invoke(DirectMethodHandleAccessor.java:103)
at java.base/java.lang.reflect.Method.invoke(Method.java:580)
at org.testng.internal.MethodInvocationHelper.invokeMethod(MethodInvocationHelper.java:133)
at org.testng.internal.TestInvoker.invokeMethod(TestInvoker.java:598)
at org.testng.internal.TestInvoker.invokeTestMethod(TestInvoker.java:173)
at org.testng.internal.MethodRunner.runInSequence(MethodRunner.java:46)
at org.testng.internal.TestInvoker$MethodInvocationAgent.invoke(TestInvoker.java:824)
at org.testng.internal.TestInvoker.invokeTestMethods(TestInvoker.java:146)
at org.testng.internal.TestMethodWorker.invokeTestMethods(TestMethodWorker.java:146)
at org.testng.internal.TestMethodWorker.run(TestMethodWorker.java:128)
at java.base/java.util.ArrayList.forEach(ArrayList.java:1597)
at org.testng.TestRunner.privateRun(TestRunner.java:794)
at org.testng.TestRunner.run(TestRunner.java:596)
at org.testng.SuiteRunner.runTest(SuiteRunner.java:377)
at org.testng.SuiteRunner.runSequentially(SuiteRunner.java:371)
at org.testng.SuiteRunner.privateRun(SuiteRunner.java:332)
at org.testng.SuiteRunner.run(SuiteRunner.java:276)
at org.testng.SuiteRunnerWorker.runSuite(SuiteRunnerWorker.java:53)
at org.testng.SuiteRunnerWorker.run(SuiteRunnerWorker.java:96)
at org.testng.TestNG.runSuitesSequentially(TestNG.java:1212)
at org.testng.TestNG.runSuitesLocally(TestNG.java:1134)
at org.testng.TestNG.runSuites(TestNG.java:1063)
at org.testng.TestNG.run(TestNG.java:1031)
at org.testng.remote.AbstractRemoteTestNG.run(AbstractRemoteTestNG.java:115)
at org.testng.remote.RemoteTestNG.initAndRun(RemoteTestNG.java:293)
at org.testng.remote.RemoteTestNG.main(RemoteTestNG.java:91)
]]>
            </full-stacktrace>
          </exception> <!-- java.lang.NullPointerException -->
          <reporter-output>
          </reporter-output>
        </test-method> <!-- signup -->
        <test-method is-config="true" signature="setUp(java.lang.String)[pri:0, instance:Testing.crossBrowserTest@7c7a06ec]" started-at="2024-12-01T19:09:48 GMT+06:00" name="setUp" finished-at="2024-12-01T19:09:48 GMT+06:00" duration-ms="0" status="PASS">
          <params>
            <param index="0">
              <value>
                <![CDATA[firefox]]>
              </value>
            </param>
          </params>
          <reporter-output>
          </reporter-output>
        </test-method> <!-- setUp -->
        <test-method is-config="true" signature="tearDown()[pri:0, instance:Testing.crossBrowserTest@7c7a06ec]" started-at="2024-12-01T19:09:48 GMT+06:00" name="tearDown" finished-at="2024-12-01T19:09:51 GMT+06:00" duration-ms="3010" status="PASS">
          <reporter-output>
          </reporter-output>
        </test-method> <!-- tearDown -->
        <test-method is-config="true" signature="tearDown()[pri:0, instance:Testing.crossBrowserTest@7c7a06ec]" started-at="2024-12-01T19:09:51 GMT+06:00" name="tearDown" finished-at="2024-12-01T19:09:54 GMT+06:00" duration-ms="3013" status="PASS">
          <reporter-output>
          </reporter-output>
        </test-method> <!-- tearDown -->
      </class> <!-- Testing.crossBrowserTest -->
    </test> <!-- firefox -->
  </suite> <!-- CrossBrowserSuite -->
</testng-results>
